<?xml version="1.0" encoding="UTF-8"?>
<testng-results ignored="0" total="1" passed="1" failed="0" skipped="0">
  <reporter-output>
  </reporter-output>
  <suite started-at="2021-11-17T17:07:20 IST" name="InetBankingV1" finished-at="2021-11-17T17:08:24 IST" duration-ms="63561">
    <groups>
    </groups>
    <test started-at="2021-11-17T17:07:20 IST" name="BankingApp Test" finished-at="2021-11-17T17:08:24 IST" duration-ms="63561">
      <class name="com.cucumber_testcases.loginPage">
        <test-method is-config="true" signature="setup()[pri:0, instance:com.cucumber_testcases.loginPage@6221a451]" started-at="2021-11-17T17:07:20 IST" name="setup" finished-at="2021-11-17T17:07:55 IST" duration-ms="34322" status="PASS">
          <reporter-output>
          </reporter-output>
        </test-method> <!-- setup -->
        <test-method signature="loginTest()[pri:0, instance:com.cucumber_testcases.loginPage@6221a451]" started-at="2021-11-17T17:07:55 IST" name="loginTest" finished-at="2021-11-17T17:08:21 IST" duration-ms="26218" status="PASS">
          <reporter-output>
          </reporter-output>
        </test-method> <!-- loginTest -->
        <test-method is-config="true" signature="tearDown()[pri:0, instance:com.cucumber_testcases.loginPage@6221a451]" started-at="2021-11-17T17:08:22 IST" name="tearDown" finished-at="2021-11-17T17:08:24 IST" duration-ms="1684" status="PASS">
          <reporter-output>
          </reporter-output>
        </test-method> <!-- tearDown -->
      </class> <!-- com.cucumber_testcases.loginPage -->
    </test> <!-- BankingApp Test -->
  </suite> <!-- InetBankingV1 -->
</testng-results>
